{"contracts\\Wallet.sol":{"l":{"57":0,"58":0,"64":0,"68":0,"74":0,"78":0,"84":0,"85":0,"86":0,"87":0,"88":0,"91":0,"92":0,"98":0,"100":0,"101":0,"103":0,"104":0,"106":0,"107":0,"110":0,"116":0,"123":0,"125":0,"134":0,"146":0,"147":0,"148":0,"150":0,"151":0,"152":0,"162":0,"164":0,"166":0,"185":0,"187":0,"203":0},"path":"C:\\Users\\rahul\\Desktop\\solidity-files\\assignment-files\\multi-sig-wallet\\contracts\\Wallet.sol","s":{"1":0,"2":0,"3":0,"4":0,"5":0,"6":0,"7":0,"8":0,"9":0,"10":0,"11":0,"12":0,"13":0,"14":0,"15":0,"16":0,"17":0,"18":0,"19":0,"20":0,"21":0,"22":0,"23":0,"24":0,"25":0,"26":0},"b":{"1":[0,0],"2":[0,0],"3":[0,0],"4":[0,0],"5":[0,0],"6":[0,0],"7":[0,0],"8":[0,0],"9":[0,0],"10":[0,0],"11":[0,0],"12":[0,0],"13":[0,0],"14":[0,0]},"f":{"1":0,"2":0,"3":0,"4":0,"5":0,"6":0,"7":0,"8":0,"9":0,"10":0,"11":0},"fnMap":{"1":{"name":"txExists","line":56,"loc":{"start":{"line":56,"column":4},"end":{"line":59,"column":4}}},"2":{"name":"notExecuted","line":63,"loc":{"start":{"line":63,"column":4},"end":{"line":69,"column":4}}},"3":{"name":"notConfirmed","line":73,"loc":{"start":{"line":73,"column":4},"end":{"line":79,"column":4}}},"4":{"name":"isAuthorized","line":83,"loc":{"start":{"line":83,"column":4},"end":{"line":93,"column":4}}},"5":{"name":"constructor","line":97,"loc":{"start":{"line":97,"column":4},"end":{"line":111,"column":4}}},"6":{"name":"getOwners","line":115,"loc":{"start":{"line":115,"column":4},"end":{"line":117,"column":4}}},"7":{"name":"generateTransaction","line":122,"loc":{"start":{"line":122,"column":4},"end":{"line":135,"column":4}}},"8":{"name":"confirmTransaction","line":144,"loc":{"start":{"line":139,"column":4},"end":{"line":154,"column":4}}},"9":{"name":"executeTransaction","line":160,"loc":{"start":{"line":158,"column":4},"end":{"line":167,"column":4}}},"10":{"name":"getTransaction","line":175,"loc":{"start":{"line":175,"column":4},"end":{"line":193,"column":4}}},"11":{"name":"getAllTransactions","line":198,"loc":{"start":{"line":198,"column":4},"end":{"line":204,"column":4}}}},"statementMap":{"1":{"start":{"line":57,"column":8},"end":{"line":57,"column":76}},"2":{"start":{"line":64,"column":8},"end":{"line":64,"column":2901}},"3":{"start":{"line":74,"column":8},"end":{"line":74,"column":3216}},"4":{"start":{"line":84,"column":8},"end":{"line":84,"column":26}},"5":{"start":{"line":85,"column":8},"end":{"line":85,"column":3535}},"6":{"start":{"line":86,"column":12},"end":{"line":86,"column":3597}},"7":{"start":{"line":91,"column":8},"end":{"line":91,"column":48}},"8":{"start":{"line":98,"column":8},"end":{"line":98,"column":65}},"9":{"start":{"line":100,"column":8},"end":{"line":100,"column":4037}},"10":{"start":{"line":101,"column":12},"end":{"line":101,"column":38}},"11":{"start":{"line":103,"column":12},"end":{"line":103,"column":64}},"12":{"start":{"line":104,"column":12},"end":{"line":104,"column":54}},"13":{"start":{"line":107,"column":12},"end":{"line":107,"column":29}},"14":{"start":{"line":116,"column":8},"end":{"line":116,"column":21}},"15":{"start":{"line":123,"column":8},"end":{"line":123,"column":45}},"16":{"start":{"line":125,"column":8},"end":{"line":125,"column":4898}},"17":{"start":{"line":134,"column":8},"end":{"line":134,"column":66}},"18":{"start":{"line":146,"column":8},"end":{"line":146,"column":64}},"19":{"start":{"line":150,"column":8},"end":{"line":150,"column":53}},"20":{"start":{"line":151,"column":8},"end":{"line":151,"column":5730}},"21":{"start":{"line":152,"column":12},"end":{"line":152,"column":39}},"22":{"start":{"line":162,"column":8},"end":{"line":162,"column":64}},"23":{"start":{"line":166,"column":8},"end":{"line":166,"column":53}},"24":{"start":{"line":185,"column":8},"end":{"line":185,"column":64}},"25":{"start":{"line":187,"column":8},"end":{"line":187,"column":6944}},"26":{"start":{"line":203,"column":8},"end":{"line":203,"column":50}}},"branchMap":{"1":{"line":57,"type":"if","locations":[{"start":{"line":57,"column":8},"end":{"line":57,"column":8}},{"start":{"line":57,"column":8},"end":{"line":57,"column":8}}]},"2":{"line":64,"type":"if","locations":[{"start":{"line":64,"column":8},"end":{"line":64,"column":8}},{"start":{"line":64,"column":8},"end":{"line":64,"column":8}}]},"3":{"line":74,"type":"if","locations":[{"start":{"line":74,"column":8},"end":{"line":74,"column":8}},{"start":{"line":74,"column":8},"end":{"line":74,"column":8}}]},"4":{"line":86,"type":"if","locations":[{"start":{"line":86,"column":12},"end":{"line":86,"column":12}},{"start":{"line":86,"column":12},"end":{"line":86,"column":12}}]},"5":{"line":91,"type":"if","locations":[{"start":{"line":91,"column":8},"end":{"line":91,"column":8}},{"start":{"line":91,"column":8},"end":{"line":91,"column":8}}]},"6":{"line":98,"type":"if","locations":[{"start":{"line":98,"column":8},"end":{"line":98,"column":8}},{"start":{"line":98,"column":8},"end":{"line":98,"column":8}}]},"7":{"line":103,"type":"if","locations":[{"start":{"line":103,"column":12},"end":{"line":103,"column":12}},{"start":{"line":103,"column":12},"end":{"line":103,"column":12}}]},"8":{"line":104,"type":"if","locations":[{"start":{"line":104,"column":12},"end":{"line":104,"column":12}},{"start":{"line":104,"column":12},"end":{"line":104,"column":12}}]},"9":{"line":141,"type":"if","locations":[{"start":{"line":141,"column":8},"end":{"line":141,"column":8}},{"start":{"line":141,"column":8},"end":{"line":141,"column":8}}]},"10":{"line":142,"type":"if","locations":[{"start":{"line":142,"column":8},"end":{"line":142,"column":8}},{"start":{"line":142,"column":8},"end":{"line":142,"column":8}}]},"11":{"line":143,"type":"if","locations":[{"start":{"line":143,"column":8},"end":{"line":143,"column":8}},{"start":{"line":143,"column":8},"end":{"line":143,"column":8}}]},"12":{"line":144,"type":"if","locations":[{"start":{"line":144,"column":8},"end":{"line":144,"column":8}},{"start":{"line":144,"column":8},"end":{"line":144,"column":8}}]},"13":{"line":151,"type":"if","locations":[{"start":{"line":151,"column":8},"end":{"line":151,"column":8}},{"start":{"line":151,"column":8},"end":{"line":151,"column":8}}]},"14":{"line":160,"type":"if","locations":[{"start":{"line":160,"column":8},"end":{"line":160,"column":8}},{"start":{"line":160,"column":8},"end":{"line":160,"column":8}}]}}}}