TN:
SF:C:\Users\rahul\Desktop\solidity-files\assignment-files\multi-sig-wallet\contracts\Wallet.sol
FN:56,txExists
FN:63,notExecuted
FN:73,notConfirmed
FN:83,isAuthorized
FN:97,constructor
FN:115,getOwners
FN:122,generateTransaction
FN:144,confirmTransaction
FN:160,executeTransaction
FN:175,getTransaction
FN:198,getAllTransactions
FNF:11
FNH:0
FNDA:0,txExists
FNDA:0,notExecuted
FNDA:0,notConfirmed
FNDA:0,isAuthorized
FNDA:0,constructor
FNDA:0,getOwners
FNDA:0,generateTransaction
FNDA:0,confirmTransaction
FNDA:0,executeTransaction
FNDA:0,getTransaction
FNDA:0,getAllTransactions
DA:57,0
DA:58,0
DA:64,0
DA:68,0
DA:74,0
DA:78,0
DA:84,0
DA:85,0
DA:86,0
DA:87,0
DA:88,0
DA:91,0
DA:92,0
DA:98,0
DA:100,0
DA:101,0
DA:103,0
DA:104,0
DA:106,0
DA:107,0
DA:110,0
DA:116,0
DA:123,0
DA:125,0
DA:134,0
DA:146,0
DA:147,0
DA:148,0
DA:150,0
DA:151,0
DA:152,0
DA:162,0
DA:164,0
DA:166,0
DA:185,0
DA:187,0
DA:203,0
LF:37
LH:0
BRDA:57,1,0,0
BRDA:57,1,1,0
BRDA:64,2,0,0
BRDA:64,2,1,0
BRDA:74,3,0,0
BRDA:74,3,1,0
BRDA:86,4,0,0
BRDA:86,4,1,0
BRDA:91,5,0,0
BRDA:91,5,1,0
BRDA:98,6,0,0
BRDA:98,6,1,0
BRDA:103,7,0,0
BRDA:103,7,1,0
BRDA:104,8,0,0
BRDA:104,8,1,0
BRDA:141,9,0,0
BRDA:141,9,1,0
BRDA:142,10,0,0
BRDA:142,10,1,0
BRDA:143,11,0,0
BRDA:143,11,1,0
BRDA:144,12,0,0
BRDA:144,12,1,0
BRDA:151,13,0,0
BRDA:151,13,1,0
BRDA:160,14,0,0
BRDA:160,14,1,0
BRF:28
BRH:0
end_of_record
